<?xml version="1.0" encoding="UTF-8"?>
<!-- Generated by org.testng.reporters.JUnitReportReporter -->
<testsuite hostname="DESKTOP-FMKHIRB" failures="0" tests="2" name="interviewProject.testingTaskOneSearchingSeleniumTutorialTest" time="0.000" errors="0" timestamp="2022-04-30T08:01:10 EET" skipped="2">
  <testcase classname="interviewProject.testingTaskOneSearchingSeleniumTutorialTest" name="testTaskOneGoogleSearching" time="0.000">
    <skipped/>
  </testcase> <!-- testTaskOneGoogleSearching -->
  <system-out/>
  <testcase classname="interviewProject.testingTaskOneSearchingSeleniumTutorialTest" name="testTaskOneGoogleSearching" time="0.000">
    <skipped/>
  </testcase> <!-- testTaskOneGoogleSearching -->
  <system-out/>
</testsuite> <!-- interviewProject.testingTaskOneSearchingSeleniumTutorialTest -->
