<?xml version="1.0" encoding="UTF-8"?>
<!-- Generated by org.testng.reporters.JUnitReportReporter -->
<testsuite hostname="DESKTOP-FMKHIRB" failures="0" tests="1" name="interviewProject.AppTest" time="0.004" errors="0" timestamp="2022-04-30T08:01:10 EET" skipped="0">
  <testcase classname="interviewProject.AppTest" name="shouldAnswerWithTrue" time="0.004"/>
  <system-out/>
</testsuite> <!-- interviewProject.AppTest -->
