<?xml version="1.0" encoding="UTF-8"?>
<!-- Generated by org.testng.reporters.JUnitReportReporter -->
<testsuite hostname="DESKTOP-FMKHIRB" failures="0" tests="1" name="interviewProject.testApiTest" time="2.560" errors="0" timestamp="2022-04-30T09:42:29 EET" skipped="0">
  <testcase classname="interviewProject.testApiTest" name="testingAPI" time="2.560"/>
  <system-out/>
</testsuite> <!-- interviewProject.testApiTest -->
