<?xml version="1.0" encoding="UTF-8"?>
<!-- Generated by org.testng.reporters.JUnitReportReporter -->
<testsuite hostname="DESKTOP-FMKHIRB" failures="0" tests="1" name="interviewProject.testExcelTask" time="0.557" errors="0" timestamp="2022-04-30T07:00:42 EET" skipped="0">
  <testcase classname="interviewProject.testExcelTask" name="testTaskExcelIntegration" time="0.557"/>
  <system-out/>
</testsuite> <!-- interviewProject.testExcelTask -->
