<?xml version="1.0" encoding="UTF-8"?>
<!-- Generated by org.testng.reporters.JUnitReportReporter -->
<testsuite hostname="DESKTOP-FMKHIRB" failures="0" tests="1" name="interviewProject.testApi" time="2.386" errors="0" timestamp="2022-04-30T07:07:08 EET" skipped="0">
  <testcase classname="interviewProject.testApi" name="testingAPI" time="2.386"/>
  <system-out/>
</testsuite> <!-- interviewProject.testApi -->
