<?xml version="1.0" encoding="UTF-8"?>
<!-- Generated by org.testng.reporters.JUnitReportReporter -->
<testsuite hostname="DESKTOP-FMKHIRB" failures="0" tests="1" name="interviewProject.testingtaskThreeTablesAssertingTest" time="0.000" errors="0" timestamp="2022-04-30T09:42:29 EET" skipped="1">
  <testcase classname="interviewProject.testingtaskThreeTablesAssertingTest" name="testingCheckBox" time="0.000">
    <skipped/>
  </testcase> <!-- testingCheckBox -->
  <system-out/>
</testsuite> <!-- interviewProject.testingtaskThreeTablesAssertingTest -->
