<?xml version="1.0" encoding="UTF-8"?>
<!-- Generated by org.testng.reporters.JUnitReportReporter -->
<testsuite hostname="DESKTOP-FMKHIRB" failures="0" tests="1" name="interviewProject.test" time="3.499" errors="0" timestamp="2022-04-29T08:57:15 EET" skipped="0">
  <testcase classname="interviewProject.test" name="first" time="3.499"/>
  <system-out/>
</testsuite> <!-- interviewProject.test -->
