<?xml version="1.0" encoding="UTF-8"?>
<!-- Generated by org.testng.reporters.JUnitReportReporter -->
<testsuite hostname="DESKTOP-FMKHIRB" failures="0" tests="1" name="interviewProject.testExcelTaskTest" time="0.585" errors="0" timestamp="2022-04-30T09:42:29 EET" skipped="0">
  <testcase classname="interviewProject.testExcelTaskTest" name="testTaskExcelIntegration" time="0.585"/>
  <system-out/>
</testsuite> <!-- interviewProject.testExcelTaskTest -->
