<?xml version="1.0" encoding="UTF-8"?>
<!-- Generated by org.testng.reporters.JUnitReportReporter -->
<testsuite hostname="DESKTOP-FMKHIRB" failures="0" tests="1" name="interviewProject.testTaskFourUploadingImage" time="1.309" errors="0" timestamp="2022-04-30T07:00:42 EET" skipped="0">
  <testcase classname="interviewProject.testTaskFourUploadingImage" name="testingUploadingImage" time="1.309"/>
  <system-out/>
</testsuite> <!-- interviewProject.testTaskFourUploadingImage -->
