<?xml version="1.0" encoding="UTF-8"?>
<!-- Generated by org.testng.reporters.JUnitReportReporter -->
<testsuite hostname="DESKTOP-FMKHIRB" failures="0" tests="1" name="interviewProject.testCheckBoxSecondTaskTest" time="0.088" errors="0" timestamp="2022-04-30T09:42:29 EET" skipped="0">
  <testcase classname="interviewProject.testCheckBoxSecondTaskTest" name="testingCheckBox" time="0.088"/>
  <system-out/>
</testsuite> <!-- interviewProject.testCheckBoxSecondTaskTest -->
