<?xml version="1.0" encoding="UTF-8"?>
<!-- Generated by org.testng.reporters.JUnitReportReporter -->
<testsuite hostname="DESKTOP-FMKHIRB" failures="0" tests="1" name="interviewProject.testTaskFourUploadingImageTest" time="1.284" errors="0" timestamp="2022-04-30T09:42:29 EET" skipped="0">
  <testcase classname="interviewProject.testTaskFourUploadingImageTest" name="testingUploadingImage" time="1.284"/>
  <system-out/>
</testsuite> <!-- interviewProject.testTaskFourUploadingImageTest -->
