<?xml version="1.0" encoding="UTF-8"?>
<!-- Generated by org.testng.reporters.JUnitReportReporter -->
<testsuite hostname="DESKTOP-FMKHIRB" failures="0" tests="1" name="interviewProject.testCheckBoxSecondTask" time="0.078" errors="0" timestamp="2022-04-30T07:03:19 EET" skipped="0">
  <testcase classname="interviewProject.testCheckBoxSecondTask" name="testingCheckBox" time="0.078"/>
  <system-out/>
</testsuite> <!-- interviewProject.testCheckBoxSecondTask -->
